Configuring wai-websockets-3.0.1.1...
Preprocessing library for wai-websockets-3.0.1.1..
Building library for wai-websockets-3.0.1.1..
[1 of 1] Compiling Network.Wai.Handler.WebSockets ( Network/Wai/Handler/WebSockets.hs, .stack-work/dist/x86_64-linux-nopie/Cabal-2.0.1.0/build/Network/Wai/Handler/WebSockets.o )
Preprocessing executable 'wai-websockets-example' for wai-websockets-3.0.1.1..
Building executable 'wai-websockets-example' for wai-websockets-3.0.1.1..

[;1m<no location info>: [;1m[35mwarning:[0m[0m[;1m [[;1m[35m-Wmissing-home-modules[0m[0m[;1m][0m[0m[;1m
    These modules are needed for compilation but not listed in your .cabal file's other-modules: Network.Wai.Handler.WebSockets[0m[0m
[0m[0m[0m[1 of 2] Compiling Network.Wai.Handler.WebSockets ( Network/Wai/Handler/WebSockets.hs, .stack-work/dist/x86_64-linux-nopie/Cabal-2.0.1.0/build/wai-websockets-example/wai-websockets-example-tmp/Network/Wai/Handler/WebSockets.o )
[2 of 2] Compiling Main             ( server.lhs, .stack-work/dist/x86_64-linux-nopie/Cabal-2.0.1.0/build/wai-websockets-example/wai-websockets-example-tmp/Main.o )

[;1mserver.lhs:16:3: [;1m[35mwarning:[0m[0m[;1m [[;1m[35m-Wunused-imports[0m[0m[;1m][0m[0m[;1m
    The import of ‘forkIO’
    from module ‘Control.Concurrent’ is redundant[0m[0m
[;1m[34m   |[0m[0m
[;1m[34m16 |[0m[0m > [;1m[35mimport Control.Concurrent (MVar, newMVar, modifyMVar_, readMVar, forkIO, modifyMVar)[0m[0m
[;1m[34m   |[0m[0m[;1m[35m   ^^^^^^^^^^^^^^^^^^^^^^^^^^^^^^^^^^^^^^^^^^^^^^^^^^^^^^^^^^^^^^^^^^^^^^^^^^^^^^^^^^^^[0m[0m
[0m[0m[0m
[;1mserver.lhs:47:3: [;1m[35mwarning:[0m[0m[;1m [[;1m[35m-Wunused-top-binds[0m[0m[;1m][0m[0m[;1m
    Defined but not used: ‘numClients’[0m[0m
[;1m[34m   |[0m[0m
[;1m[34m47 |[0m[0m > [;1m[35mnumClients[0m[0m = length
[;1m[34m   |[0m[0m[;1m[35m   ^^^^^^^^^^[0m[0m
[0m[0m[0m
[;1m<no location info>: [;1m[35mwarning:[0m[0m[;1m [[;1m[35m-Wmissing-home-modules[0m[0m[;1m][0m[0m[;1m
    These modules are needed for compilation but not listed in your .cabal file's other-modules: Network.Wai.Handler.WebSockets[0m[0m
[0m[0m[0mLinking .stack-work/dist/x86_64-linux-nopie/Cabal-2.0.1.0/build/wai-websockets-example/wai-websockets-example ...
Installing library in /home/me/.stack/snapshots/x86_64-linux-nopie/lts-10.5/8.2.2/lib/x86_64-linux-ghc-8.2.2/wai-websockets-3.0.1.1-5C9MjE7HgXUB7fDj8StlXy
Installing executable wai-websockets-example in /home/me/.stack/snapshots/x86_64-linux-nopie/lts-10.5/8.2.2/bin
Registering library for wai-websockets-3.0.1.1..
